\BOOKMARK [0][-]{chapter.1}{Introduction}{}% 1
\BOOKMARK [0][-]{chapter.2}{Transactions}{}% 2
\BOOKMARK [1][-]{section.2.1}{\040Atomic\040transaction}{chapter.2}% 3
\BOOKMARK [1][-]{section.2.2}{\040ACID\040properties}{chapter.2}% 4
\BOOKMARK [2][-]{subsection.2.2.1}{\040Atomicity}{section.2.2}% 5
\BOOKMARK [2][-]{subsection.2.2.2}{\040Consistency}{section.2.2}% 6
\BOOKMARK [2][-]{subsection.2.2.3}{\040Isolation}{section.2.2}% 7
\BOOKMARK [2][-]{subsection.2.2.4}{\040Durability}{section.2.2}% 8
\BOOKMARK [1][-]{section.2.3}{\040Distributed\040transactions}{chapter.2}% 9
\BOOKMARK [1][-]{section.2.4}{\040Transaction\040manager}{chapter.2}% 10
\BOOKMARK [2][-]{subsection.2.4.1}{\040Local\040transaction\040manager}{section.2.4}% 11
\BOOKMARK [1][-]{section.2.5}{\040Failure\040handling}{chapter.2}% 12
\BOOKMARK [0][-]{chapter.3}{Microservices\040architecture\040pattern}{}% 13
\BOOKMARK [0][-]{chapter.4}{Communication\040patterns}{}% 14
\BOOKMARK [1][-]{section.4.1}{\040Consensus\040protocols}{chapter.4}% 15
\BOOKMARK [2][-]{subsection.4.1.1}{\0402PC}{section.4.1}% 16
\BOOKMARK [2][-]{subsection.4.1.2}{\0403PC\040raft\040paxos}{section.4.1}% 17
\BOOKMARK [1][-]{section.4.2}{\040Event\040based\040protocols}{chapter.4}% 18
\BOOKMARK [2][-]{subsection.4.2.1}{\040CQRS}{section.4.2}% 19
\BOOKMARK [0][-]{chapter.5}{Transactions\040in\040distributed\040environments}{}% 20
\BOOKMARK [1][-]{section.5.1}{\040Saga\040pattern}{chapter.5}% 21
\BOOKMARK [2][-]{subsection.5.1.1}{\040Participants}{section.5.1}% 22
\BOOKMARK [0][-]{chapter.6}{Conclusion}{}% 23
\BOOKMARK [0][-]{section*.6}{Bibliography}{}% 24
